<?xml version="1.0" encoding="UTF-8"?>
<testng-results ignored="0" total="4" passed="4" failed="0" skipped="0">
  <reporter-output>
  </reporter-output>
  <suite started-at="2023-04-07T22:31:09 EET" name="CrudTest Suite" finished-at="2023-04-07T22:31:23 EET" duration-ms="13659">
    <groups>
    </groups>
    <test started-at="2023-04-07T22:31:09 EET" name="Crud Test" finished-at="2023-04-07T22:31:23 EET" duration-ms="13659">
      <class name="Tests.CrudTest">
        <test-method is-config="true" signature="setup()[pri:0, instance:Tests.CrudTest@2ddc9a9f]" started-at="2023-04-07T22:31:08 EET" name="setup" finished-at="2023-04-07T22:31:09 EET" duration-ms="1668" status="PASS">
          <reporter-output>
          </reporter-output>
        </test-method> <!-- setup -->
        <test-method is-config="true" signature="initialize()[pri:0, instance:Tests.CrudTest@2ddc9a9f]" started-at="2023-04-07T22:31:09 EET" name="initialize" finished-at="2023-04-07T22:31:09 EET" duration-ms="3" status="PASS">
          <reporter-output>
          </reporter-output>
        </test-method> <!-- initialize -->
        <test-method is-config="true" signature="SetUp(java.lang.reflect.Method)[pri:0, instance:Tests.CrudTest@2ddc9a9f]" started-at="2023-04-07T22:31:10 EET" name="SetUp" finished-at="2023-04-07T22:31:10 EET" duration-ms="5" status="PASS">
          <params>
            <param index="0">
              <value>
                <![CDATA[public void Tests.CrudTest.CheckTheNewRecipeIsAppear()]]>
              </value>
            </param>
          </params>
          <reporter-output>
          </reporter-output>
        </test-method> <!-- SetUp -->
        <test-method signature="CheckTheNewRecipeIsAppear()[pri:1, instance:Tests.CrudTest@2ddc9a9f]" started-at="2023-04-07T22:31:10 EET" name="CheckTheNewRecipeIsAppear" finished-at="2023-04-07T22:31:11 EET" duration-ms="1419" status="PASS">
          <reporter-output>
          </reporter-output>
        </test-method> <!-- CheckTheNewRecipeIsAppear -->
        <test-method is-config="true" signature="results(java.lang.reflect.Method,org.testng.ITestResult)[pri:0, instance:Tests.CrudTest@2ddc9a9f]" started-at="2023-04-07T22:31:11 EET" name="results" finished-at="2023-04-07T22:31:11 EET" duration-ms="131" status="PASS">
          <params>
            <param index="0">
              <value>
                <![CDATA[public void Tests.CrudTest.CheckTheNewRecipeIsAppear()]]>
              </value>
            </param>
            <param index="1">
              <value>
                <![CDATA[[TestResult name=CheckTheNewRecipeIsAppear status=SUCCESS method=CrudTest.CheckTheNewRecipeIsAppear()[pri:1, instance:Tests.CrudTest@2ddc9a9f] output={null}]]]>
              </value>
            </param>
          </params>
          <reporter-output>
          </reporter-output>
        </test-method> <!-- results -->
        <test-method is-config="true" signature="SetUp(java.lang.reflect.Method)[pri:0, instance:Tests.CrudTest@2ddc9a9f]" started-at="2023-04-07T22:31:11 EET" name="SetUp" finished-at="2023-04-07T22:31:11 EET" duration-ms="0" status="PASS">
          <params>
            <param index="0">
              <value>
                <![CDATA[public void Tests.CrudTest.EditRecipe()]]>
              </value>
            </param>
          </params>
          <reporter-output>
          </reporter-output>
        </test-method> <!-- SetUp -->
        <test-method signature="EditRecipe()[pri:2, instance:Tests.CrudTest@2ddc9a9f]" started-at="2023-04-07T22:31:11 EET" name="EditRecipe" finished-at="2023-04-07T22:31:12 EET" duration-ms="994" status="PASS">
          <reporter-output>
          </reporter-output>
        </test-method> <!-- EditRecipe -->
        <test-method is-config="true" signature="results(java.lang.reflect.Method,org.testng.ITestResult)[pri:0, instance:Tests.CrudTest@2ddc9a9f]" started-at="2023-04-07T22:31:12 EET" name="results" finished-at="2023-04-07T22:31:12 EET" duration-ms="99" status="PASS">
          <params>
            <param index="0">
              <value>
                <![CDATA[public void Tests.CrudTest.EditRecipe()]]>
              </value>
            </param>
            <param index="1">
              <value>
                <![CDATA[[TestResult name=EditRecipe status=SUCCESS method=CrudTest.EditRecipe()[pri:2, instance:Tests.CrudTest@2ddc9a9f] output={null}]]]>
              </value>
            </param>
          </params>
          <reporter-output>
          </reporter-output>
        </test-method> <!-- results -->
        <test-method is-config="true" signature="SetUp(java.lang.reflect.Method)[pri:0, instance:Tests.CrudTest@2ddc9a9f]" started-at="2023-04-07T22:31:12 EET" name="SetUp" finished-at="2023-04-07T22:31:12 EET" duration-ms="1" status="PASS">
          <params>
            <param index="0">
              <value>
                <![CDATA[public void Tests.CrudTest.assertNewIngredient()]]>
              </value>
            </param>
          </params>
          <reporter-output>
          </reporter-output>
        </test-method> <!-- SetUp -->
        <test-method signature="assertNewIngredient()[pri:3, instance:Tests.CrudTest@2ddc9a9f]" started-at="2023-04-07T22:31:12 EET" name="assertNewIngredient" finished-at="2023-04-07T22:31:13 EET" duration-ms="626" status="PASS">
          <reporter-output>
          </reporter-output>
        </test-method> <!-- assertNewIngredient -->
        <test-method is-config="true" signature="results(java.lang.reflect.Method,org.testng.ITestResult)[pri:0, instance:Tests.CrudTest@2ddc9a9f]" started-at="2023-04-07T22:31:13 EET" name="results" finished-at="2023-04-07T22:31:13 EET" duration-ms="112" status="PASS">
          <params>
            <param index="0">
              <value>
                <![CDATA[public void Tests.CrudTest.assertNewIngredient()]]>
              </value>
            </param>
            <param index="1">
              <value>
                <![CDATA[[TestResult name=assertNewIngredient status=SUCCESS method=CrudTest.assertNewIngredient()[pri:3, instance:Tests.CrudTest@2ddc9a9f] output={null}]]]>
              </value>
            </param>
          </params>
          <reporter-output>
          </reporter-output>
        </test-method> <!-- results -->
        <test-method is-config="true" signature="SetUp(java.lang.reflect.Method)[pri:0, instance:Tests.CrudTest@2ddc9a9f]" started-at="2023-04-07T22:31:13 EET" name="SetUp" finished-at="2023-04-07T22:31:13 EET" duration-ms="1" status="PASS">
          <params>
            <param index="0">
              <value>
                <![CDATA[public void Tests.CrudTest.DeleteLastRecipe()]]>
              </value>
            </param>
          </params>
          <reporter-output>
          </reporter-output>
        </test-method> <!-- SetUp -->
        <test-method signature="DeleteLastRecipe()[pri:4, instance:Tests.CrudTest@2ddc9a9f]" started-at="2023-04-07T22:31:13 EET" name="DeleteLastRecipe" finished-at="2023-04-07T22:31:23 EET" duration-ms="10136" status="PASS">
          <reporter-output>
          </reporter-output>
        </test-method> <!-- DeleteLastRecipe -->
        <test-method is-config="true" signature="results(java.lang.reflect.Method,org.testng.ITestResult)[pri:0, instance:Tests.CrudTest@2ddc9a9f]" started-at="2023-04-07T22:31:23 EET" name="results" finished-at="2023-04-07T22:31:23 EET" duration-ms="86" status="PASS">
          <params>
            <param index="0">
              <value>
                <![CDATA[public void Tests.CrudTest.DeleteLastRecipe()]]>
              </value>
            </param>
            <param index="1">
              <value>
                <![CDATA[[TestResult name=DeleteLastRecipe status=SUCCESS method=CrudTest.DeleteLastRecipe()[pri:4, instance:Tests.CrudTest@2ddc9a9f] output={null}]]]>
              </value>
            </param>
          </params>
          <reporter-output>
          </reporter-output>
        </test-method> <!-- results -->
        <test-method is-config="true" signature="tearDown()[pri:0, instance:Tests.CrudTest@2ddc9a9f]" started-at="2023-04-07T22:31:23 EET" name="tearDown" finished-at="2023-04-07T22:31:25 EET" duration-ms="1664" status="PASS">
          <reporter-output>
          </reporter-output>
        </test-method> <!-- tearDown -->
      </class> <!-- Tests.CrudTest -->
    </test> <!-- Crud Test -->
  </suite> <!-- CrudTest Suite -->
</testng-results>
