<?xml version="1.0" encoding="UTF-8"?>
<!-- Generated by org.testng.reporters.JUnitXMLReporter -->
<testsuite ignored="0" hostname="PHHQ-05LT-123" failures="0" tests="4" name="Crud Test" time="13.659" errors="0" timestamp="2023-04-07T22:31:23 EET">
  <testcase classname="Tests.CrudTest" name="CheckTheNewRecipeIsAppear" time="1.419"/>
  <testcase classname="Tests.CrudTest" name="EditRecipe" time="0.994"/>
  <testcase classname="Tests.CrudTest" name="assertNewIngredient" time="0.626"/>
  <testcase classname="Tests.CrudTest" name="DeleteLastRecipe" time="10.136"/>
</testsuite> <!-- Crud Test -->
